Notebook: mlestar/tgs_salt_template.ipynb
Competition: TGS Salt Identification Challenge (template)
Workflow: mlestar
Source archive: mle_final_submission.zip
Source archive SHA-256: 66126db1149262fcd4f59a3824a52e16aa557491838733ea2758af4e4db8dd8a
Source notebook SHA-256: 7d5983c6720825d63e86b6f04ae93536f0c278144aa5680a0d5fee93b64e205c
Stored output status: template_no_stored_output

=== Cell 2 | execution_count=None | outputs=0 ===
[no stored output]

=== Cell 3 | execution_count=None | outputs=0 ===
[no stored output]

=== Cell 4 | execution_count=None | outputs=0 ===
[no stored output]

=== Cell 5 | execution_count=None | outputs=0 ===
[no stored output]

=== Cell 6 | execution_count=None | outputs=0 ===
[no stored output]

=== Cell 7 | execution_count=None | outputs=0 ===
[no stored output]

=== Cell 8 | execution_count=None | outputs=0 ===
[no stored output]

=== Cell 9 | execution_count=None | outputs=0 ===
[no stored output]

=== Cell 10 | execution_count=None | outputs=0 ===
[no stored output]
